epoch,loss,val_loss
0,1693.17728345,79.364460144
1,234.532724121,19.2794086456
2,107.007579102,12.9806177139
3,104.525675232,10.5057831001
4,59.8033731995,11.7234178162
5,82.7594384766,11.4296511459
6,47.5361683655,9.74616823196
7,44.6434092712,9.55141740799
8,41.0205920105,9.62840244293
9,46.4804483032,9.40191301346
10,32.7183813629,9.7762238884
11,30.0191584015,9.28574790955
12,54.7695881042,9.07712659836
13,27.6179991455,9.116941185
14,27.2145226288,9.39422977448
15,26.0761161957,9.17501497269
16,24.6310164032,9.57468126297
17,27.7194347839,12.2354681015
18,31.469084671,9.47933288574
19,21.9406773834,8.86117015839
20,24.2137334442,12.5290612411
21,33.3994685822,8.75004365921
22,20.0891878815,8.64302732468
23,22.3914885254,8.45511991501
24,19.3129102631,8.60449935913
25,19.0868723984,8.23411945343
26,20.2980541992,9.29596281052
27,26.2743229218,7.96500816345
28,19.2442633514,7.78589826584
29,18.193961441,7.83184951782
30,22.0519202728,8.12075950623
31,16.773128067,7.58193458557
32,20.921415329,7.62155611038
33,17.798448143,7.93912244797
34,16.069509346,7.56802335739
35,16.6026591568,7.52110227585
36,17.0387743073,7.21311531067
37,16.4957492142,7.17910903931
38,15.3467546005,7.98130475998
39,16.6011563187,7.20198377609
40,14.9787834244,7.14448707581
41,16.1594510117,6.81914474487
42,15.8057503128,6.65430381775
43,13.9250396118,6.37134660721
44,18.5709126892,6.92075416565
45,16.1723869781,6.86173606873
46,14.648500267,6.38441301346
47,14.9105806732,6.17422813416
48,13.5529318314,6.04815683365
49,15.3448637314,6.15986419678
50,14.2667587967,6.42245231628
51,14.1924682999,5.91337770462
52,12.6757348251,5.87901771545
53,12.2919605484,5.9331883049
54,14.8965013733,6.85039381027
55,12.6607533951,5.86112052917
56,14.8719904404,5.8900299263
57,13.5173819504,5.77523679733
58,13.7206006241,5.70044996262
59,12.9530394669,5.43715513229
60,12.5425275497,5.68011421204
61,14.1354343491,5.63300140381
62,14.1848513718,5.84454511642
63,11.4422639999,5.40543503761
64,11.7148048439,5.43373733521
65,11.8074865799,5.39004393578
66,16.2081082611,5.547345438
67,11.7058080368,5.10763884544
68,12.2247415848,5.60677212715
69,11.0464074326,5.126581707
70,14.7753280487,5.20297057152
71,10.9163026237,5.17070326805
72,10.7366792068,4.9726448822
73,11.0230077209,4.84887878418
74,10.6333673172,4.96822775841
75,10.7234411697,4.79640067101
76,10.6130853195,4.71369760513
77,12.8147797241,4.71695587158
78,12.4339610519,4.78487265587
79,11.5929231796,5.05711836815
80,10.0615336723,4.58998317719
81,11.4660558853,4.67411566734
82,10.0777440643,4.46092954636
83,11.0570712051,4.42088837624
84,13.1214081192,4.52035648346
85,12.8263111954,4.4322328949
86,9.64746429825,4.45085073471
87,9.81038034058,4.14064209938
88,9.75766666412,4.78702253342
89,11.3469293213,4.48773636818
90,10.3380609512,4.35018691063
91,9.36582113647,3.95632711411
92,9.42139510345,4.3844233799
93,11.7308575668,4.24720175743
94,9.64165540314,4.06607842445
95,10.5013980827,3.94218967438
96,9.19551022339,4.02506679535
97,10.3904215508,3.89051638603
98,8.91642638397,4.08159323692
99,8.63551013184,3.69286327362
100,10.6848275223,4.13119920731
101,8.77391044235,3.76242499352
102,9.35968305206,3.66060553551
103,9.74243557358,3.96180026054
104,9.81653388214,4.15252923012
105,8.93519862747,3.52303783417
106,8.52795125198,3.726252985
107,8.26666453171,3.48269290924
108,11.3459995956,3.93214096069
109,8.79414357376,3.86680788994
110,8.40051100922,3.74189727783
111,8.26525031281,3.39276996613
112,8.19161522675,3.34115574837
113,10.6397536697,3.77244972229
114,9.20633343124,3.41654820442
115,9.12262445831,3.59155483246
116,9.33313668823,3.30438606262
117,8.09531994629,3.26235214233
118,8.60738133621,3.43456858635
119,8.79839837646,3.16347270966
120,7.95944392776,3.22833451271
121,8.08774848557,3.27700268745
122,9.09903754807,3.10308018684
123,9.1159667778,3.14871848106
124,10.153505867,3.3661559391
125,8.65372241211,3.01837874889
126,7.63353939819,3.13296390533
127,7.92886437607,2.99561049461
128,7.94832552338,2.98448288918
129,9.67549404144,3.51420287132
130,9.43791902542,2.97251358986
131,7.6144349556,3.02675964832
132,7.50281638718,2.9676667881
133,7.68889468765,2.92239662647
134,7.50569683456,2.81282058239
135,7.27241271973,2.88693701267
136,7.44119794083,2.76565979958
137,7.51426793289,3.33137459755
138,8.31500759125,2.92933632851
139,7.42051186752,2.76061012745
140,7.3120884285,2.78300147533
141,10.617576313,2.80701981544
142,7.78844703293,2.70341983795
143,6.77429687119,2.67013740063
144,7.11174797821,2.69932270527
145,7.66045337296,2.65459778309
146,7.30394567871,2.63273517132
147,9.67079375458,3.09758332253
148,6.99561497116,2.64431828022
149,7.22434075928,2.92316679478
150,6.91157575607,2.78370643139
151,10.4652671776,2.61949734688
152,7.74454525757,3.11028398037
153,6.71749592972,2.54795578003
154,7.61412547684,2.53297324657
155,6.61530893326,2.54561564922
156,6.76191513062,2.63804423809
157,8.12305459595,2.68607032299
158,7.48216054916,2.53085483551
159,6.3643779068,2.52336444378
160,7.06544662476,2.67742184162
161,10.9922467422,2.69507282734
162,7.12069887161,2.51848248005
163,7.10052168655,2.45808032036
164,6.4355631752,2.43522902966
165,7.14154798126,3.05458983898
166,6.28914444351,2.42713023186
167,6.84155940628,2.44347548485
168,7.09464293289,2.63062656403
169,6.66331613922,2.41277781963
170,6.16988288689,2.45440876007
171,6.83666331863,2.34693224907
172,6.73282646561,2.61285817146
173,6.10637910843,2.47360076427
174,6.88710425949,2.37308125496
175,6.41495940781,2.35406609058
176,6.47832178879,2.56966423988
177,6.9666582756,2.54548038006
178,7.06255928421,2.54919642925
179,6.04736856461,2.65970620155
180,6.46029044724,2.29610687733
181,5.98052444077,2.31707855701
182,7.84687419891,2.31612441063
183,6.1527735405,2.30485677719
184,6.27339445114,2.57979663372
185,6.83181962204,2.47305733681
186,5.90296654129,2.31264801025
187,6.05359833908,2.32687725544
188,6.26672517776,2.28764231682
189,5.61900089645,2.43012142658
190,5.8431088562,2.29014129639
191,7.38323841476,2.71969437122
192,6.40830399323,2.28225825787
193,5.88850735855,2.27203140736
194,6.12355302811,2.25801971912
195,6.07666353607,2.25358260632
196,6.78694120026,2.63085247517
197,5.90992591476,2.11246999741
198,6.24343915939,2.19698252678
199,6.12128964233,2.23410169601
200,6.24341510391,2.26250080109
201,5.98505858231,2.20488571167
202,5.42733758163,2.24048125744
203,5.83609117317,2.16125710011
204,7.10023317719,2.33947818756
205,7.36487909317,2.41643033981
206,5.88488009644,2.19643096447
207,6.71425309372,2.09690330982
208,5.5480465889,2.09319107533
209,5.41700672531,2.11504294872
210,5.53161229324,2.0898122406
211,6.15756477737,2.1361720562
212,5.65312394333,2.03418466568
213,5.63341892624,2.01616214275
214,5.42062011337,2.00126904011
215,5.70413910294,2.06681338787
216,7.23495808029,2.00544093132
217,7.38176613998,2.11136411667
218,6.31320588303,2.20599480152
219,6.11508747482,2.34535419941
220,5.76451134109,2.00698785782
221,5.88995503616,2.23116792679
222,5.91972746658,2.07885242939
223,6.35977357864,2.00017197132
224,5.25114127731,2.11989681244
225,5.46566524124,1.96143387318
226,5.11124339676,2.02397255421
227,5.37913938522,2.16496317863
228,8.6682788887,1.98684906483
229,5.81071316147,2.03533962727
230,5.09253078079,2.00344754696
231,5.59775952148,2.02976955414
232,5.78693278503,1.91756282806
233,5.05308101273,1.96097027302
234,5.65131234741,2.05907575607
235,5.08173845291,2.09965348244
236,5.39897319412,1.93101718903
237,5.20779761887,1.9583026886
238,5.26372951889,1.95181598663
239,5.13270596886,1.9598342371
240,5.14290566444,1.8839682579
241,5.18303413773,1.95535361767
242,5.55567116165,1.91861782551
243,5.32245732117,1.82067441463
244,5.25546190262,1.98382266998
245,5.52724870682,2.03430316925
246,5.05061884689,2.06503235817
247,5.32345894241,1.88078361988
248,5.15210090637,1.90172047138
249,4.89133482742,1.91512897491
250,5.03348628616,1.91418223858
251,5.07105881691,1.95667587757
252,5.41349322891,1.88601917267
253,5.19359895325,1.88547662258
254,5.07738847733,1.9035982132
255,4.74572335434,1.89767416
256,5.01128725815,1.85619241714
257,6.37401945114,1.95640739441
258,5.26455270576,1.80949804306
259,4.65202801132,2.01742488861
260,5.01151509476,1.9027607584
261,4.80764796066,1.80617457867
262,4.72781910133,1.78449192047
263,4.83053111267,1.84127690792
264,6.0038456192,1.90763565063
265,5.11271474075,1.79042961121
266,4.87935843277,1.82923015118
267,4.87749158287,1.82860299587
268,5.13256135178,1.78865789413
269,4.77778515625,1.80150226593
270,4.70300465775,1.77328388214
271,4.46120582962,1.76820353985
272,4.56755334091,1.8133565855
273,4.87370147324,1.78605964661
274,4.72680835915,1.77707289219
275,4.77441407394,1.80530945301
276,5.54591194534,1.88267494202
277,5.1863295784,1.79756555557
278,4.52676719093,2.01961619854
279,5.54307639694,1.78421198368
280,4.56026712418,1.73992183685
281,4.59615393639,1.75748281479
282,4.68529080009,1.81491776943
283,4.55292242432,1.7806014967
284,5.21753397751,1.9046488905
285,5.0994419136,1.72855338573
286,4.86330834579,1.72959197521
287,4.9910441246,1.86341419697
288,4.56345965767,1.68178585529
289,4.76684003639,1.73754966259
290,5.04038391685,1.72980653763
291,4.71058613777,1.71674347401
292,4.73485947609,1.7648540926
293,4.62176159286,1.73374173641
294,4.88442767143,1.64850002766
295,4.58366641617,1.84195991039
296,4.14479975891,1.83745239735
297,4.91156498337,1.6589192152
298,5.40478477859,1.8624020052
299,4.68138083076,1.76200016499
300,4.59969162369,1.70258556366
301,4.5791686306,1.96531898022
302,5.39537251663,1.75814938068
303,5.24269140053,1.69302796841
304,4.27741382408,1.73287638187
305,4.69577668571,1.85750141621
306,4.79481034851,1.61338875294
307,4.33084344673,1.72123936176
308,5.1606753521,1.69234363556
309,4.29018188095,1.62221813679
310,4.24928983688,1.67477161407
311,4.60265834618,1.62816040039
312,4.25791256142,1.6898947382
313,4.26535397911,1.63351780415
314,4.08339453316,1.63445198536
315,5.04350957298,1.62152187347
316,4.1888336277,1.6378619194
317,4.1152958889,1.60611716747
318,4.12849904823,1.57467563152
319,4.37176600075,1.75918502808
320,4.07948762512,1.62784698009
321,4.07042196655,1.67459442616
322,4.2905537262,1.63540016651
323,4.65346694374,1.64641494751
324,4.25920672607,1.61325309277
325,4.28024256516,1.59431312084
326,4.07788273621,1.59291919231
327,4.05908535385,1.60931598663
328,4.02356057358,1.6257186079
329,4.16736564636,1.5760948801
330,4.53278086853,1.54553262711
331,4.23377708054,1.60994662762
332,4.50330916023,1.53778007507
333,3.98349864197,1.59506640911
334,4.4499402523,1.63041307449
335,3.97275472832,1.69392642498
336,4.34385118484,1.61576072693
337,3.87609009361,1.5607136488
338,3.98048267174,1.50450231075
339,3.96094355774,1.55188396931
340,4.09804788208,1.47571216106
341,4.30573104858,1.56690704346
342,4.04009892654,1.67005474091
343,3.93168092346,1.45994136572
344,3.81800447273,1.43813869953
345,3.84722750282,1.54320026398
346,3.84812545204,1.5169087553
347,3.71039796448,1.55103998184
348,3.83608823586,1.50265493393
349,4.15739921379,1.52422547817
350,3.92470511436,1.51533840656
351,4.32839870644,1.54106868744
352,4.03396715736,1.54575687408
353,4.16879893684,1.51645968914
354,3.926156744,1.72568426609
355,4.09422636223,1.51165151119
356,3.71985756874,1.43373325348
357,3.65367475319,1.50922207355
358,3.81673609352,1.57363695621
359,3.68468039322,1.45898430347
360,4.28587594414,1.44762954235
361,3.81235935974,1.44534553766
362,3.79509768295,1.44168819904
363,3.99509122276,1.45600997686
364,3.71174645424,1.56123409271
365,3.98080252075,1.43433899403
366,3.75183307076,1.60564654827
367,3.64391433334,1.50515883923
368,3.55361396599,1.45238867998
369,3.84197538567,1.53992988586
370,4.48075636673,1.67816403866
371,3.70292713356,1.56856029987
372,3.57357252693,1.40364135742
373,3.60361953926,1.55646844864
374,4.16718878746,1.61166397572
375,3.75035169411,1.4420668745
376,3.64257112122,1.40550807476
377,3.86317065811,1.4795904541
378,3.7216599369,1.39080318928
379,3.62435775948,1.38345336676
380,3.6962519989,1.36248100519
381,3.5669897213,1.43857345343
382,3.58826551437,1.44831436157
383,3.52583369446,1.38831146717
384,3.57327829933,1.58557816029
385,3.66205597496,1.3407627058
386,3.59544872093,1.38975158215
387,3.48286208534,1.38403754711
388,3.48263469505,1.39191849232
389,3.43176701927,1.475620327
390,3.49328563499,1.37799755335
391,3.3949951725,1.37217365026
392,3.67507756996,1.38438556433
393,3.38594273949,1.35929561853
394,3.58299741745,1.34530258894
395,3.46733517456,1.37868090868
396,3.45885885048,1.34858810186
397,3.35700042152,1.3211157155
398,3.39161379623,1.38594241858
399,3.38633601379,1.53139751911
400,3.41581328011,1.34802524567
401,3.38716794395,1.37848709345
402,3.59122609329,1.38636550903
403,3.3788646183,1.37156550884
404,3.34870384789,1.46607458591
405,3.41256156349,1.36113978863
406,3.27591168022,1.34951613903
407,3.68894071388,1.36256228924
408,3.54771139145,1.43789924622
409,3.25797967339,1.39247138739
410,3.46677139854,1.31272696972
411,3.41167625999,1.33436451435
412,3.48067653084,1.33848872662
413,3.28682486916,1.28035908222
414,3.35026040459,1.37423416138
415,3.35795597267,1.27674302578
416,3.31445125771,1.5488518095
417,3.35417872429,1.33894554138
418,3.3117529974,1.26537840128
419,3.43816828537,1.28297592402
420,3.41310629272,1.3194489336
421,3.15176608849,1.33248962164
422,3.26291474915,1.29781627178
423,3.0397205925,1.40168232441
424,3.44692196655,1.3559154892
425,3.14058093262,1.32107509613
426,3.14853576088,1.26069313288
427,3.60441243362,1.37316788197
428,3.05745922279,1.46526712418
429,3.66190610313,1.27723630667
430,3.23504489326,1.28010909557
431,3.12643919182,1.28876693964
432,3.18036797142,1.27971763134
433,3.1013676548,1.31254993439
434,3.45987290382,1.29358268261
435,3.09873014832,1.27630870581
436,3.18245583248,1.24817700863
437,3.18294647026,1.29071517467
438,3.12658849907,1.29967963696
439,3.02926868725,1.24601519108
440,3.14659236717,1.47773506641
441,3.14967986107,1.28932686567
442,2.99574887657,1.25548677444
443,3.04605245018,1.28248539448
444,3.05934156799,1.2194736886
445,2.96195435143,1.24330279827
446,2.95266508675,1.28078426838
447,3.07457733154,1.22075342655
448,3.32488799858,1.31576182842
449,3.19932104111,1.36455315113
450,2.96054421043,1.2515910697
451,3.17058747292,1.25019828796
452,2.9252160778,1.21945222616
453,2.86892365837,1.27260789394
454,3.05209270287,1.3199441576
455,2.94075953674,1.31281906605
456,2.79855774498,1.21125696182
457,3.11765988731,1.23859477997
458,2.88860709572,1.29523472309
459,2.99944437218,1.27280151129
460,2.91516248894,1.22471912622
461,2.84591954613,1.2486583519
462,2.86730339622,1.1736803031
463,2.98054409599,1.27048965931
464,2.84817418861,1.27960484266
465,3.06875237465,1.32327442646
466,2.93716972542,1.25828664303
467,2.83600592232,1.2074374795
468,2.96763956642,1.18955993414
469,2.70975730324,1.38145718098
470,2.93483355713,1.24396985769
471,2.8949737072,1.21313415051
472,2.79921853447,1.1729886055
473,2.75111459923,1.28413823843
474,2.71660704994,1.3523528266
475,2.86713504219,1.1848831892
476,2.67139364815,1.17843136072
477,2.85040432167,1.18744592667
478,2.74984760475,1.23151058197
479,3.00097576523,1.19610315084
480,2.77435882568,1.20437038183
481,2.67477143669,1.16673093796
482,2.67971969795,1.16347294092
483,2.8067741518,1.18023364782
484,2.92394934273,1.18195230484
485,2.68974001122,1.21489521503
486,2.65627491665,1.17305854321
487,2.91266391563,1.19888138056
488,2.8076751194,1.20461992025
489,2.68008538246,1.20115869522
490,2.82001900673,1.16255599499
491,2.67192087746,1.1726963973
492,2.6604723835,1.16510205984
493,2.71686593819,1.17828358173
494,2.66389288998,1.18253676891
495,2.61130811596,1.21853781223
496,2.63485113716,1.11658548117
497,2.75029153252,1.16383377314
498,2.6223230381,1.20627752066
499,2.6196247282,1.15473697186
500,2.8021840229,1.27013841391
501,2.54269266987,1.21523575068
502,2.61487438774,1.14808601618
503,2.57150981903,1.12325569391
504,2.81817167091,1.14731881857
505,2.60281302071,1.1794860816
506,2.57893875694,1.12403419733
507,2.51408868885,1.15670323372
508,2.57770064735,1.17263154745
509,2.66708511543,1.2715592742
510,2.56662918854,1.13921912193
511,2.47986019325,1.14194629669
512,2.52763611794,1.11179593801
513,2.60925988579,1.17109334946
514,2.59680503654,1.13645519018
515,2.5254268446,1.16509557724
516,2.49693993187,1.14103048086
517,2.51110809898,1.12022396326
518,2.47021003914,1.16220599651
519,2.45584765625,1.11778499126
520,2.50836388588,1.14686077595
521,2.45209817505,1.14602863073
522,2.45668605614,1.13942985296
523,2.43521656799,1.09666242361
524,2.37489599037,1.12666172981
525,2.42341416931,1.11128499746
526,2.49700051689,1.0927610302
527,2.35674426842,1.16140146732
528,2.52742030239,1.14165691376
529,2.441657794,1.10385019541
530,2.39740551758,1.1172692585
531,2.42026696682,1.09832569122
532,2.40971017647,1.12440585613
533,2.36871822643,1.11173289299
534,2.4284078064,1.11454336405
535,2.35192471027,1.10913757324
536,2.32799327564,1.08564459085
537,2.44855107307,1.10704089165
538,2.31973282337,1.13109053612
539,2.409342062,1.08482399225
540,2.38314666653,1.08442046642
541,2.36540844822,1.12287770987
542,2.36322372913,1.13653918266
543,2.30071270275,1.09262791634
544,2.34941029644,1.05428388357
545,2.36496312237,1.13979072571
546,2.35413342476,1.15731273413
547,2.38992582607,1.09569852591
548,2.37707055569,1.107011168
549,2.34850760174,1.08943567753
550,2.29458319187,1.08851780176
551,2.35020389557,1.08623926401
552,2.31203553963,1.16624412537
553,2.30457534981,1.05343072653
554,2.26877301979,1.10374085903
555,2.27239046669,1.06645615578
556,2.28800055695,1.10066285849
557,2.30517949963,1.07674072027
558,2.27837511444,1.14862781763
559,2.23174719238,1.08014141321
560,2.32451809406,1.08198501825
561,2.29149592018,1.08072218895
562,2.21310633945,1.08813684225
563,2.18969970608,1.07586624384
564,2.18623386669,1.07649904251
565,2.21117843151,1.09863748789
566,2.16473154736,1.08611911535
567,2.1870563736,1.07620881081
568,2.17602938938,1.1080168438
569,2.16688147545,1.07887129068
570,2.17513723469,1.0834649086
571,2.17165515709,1.05459816217
572,2.28225654888,1.07540206909
573,2.19913306427,1.05683085918
574,2.16918130589,1.11976321936
575,2.15388758087,1.06552610159
576,2.17431888866,1.04754743576
577,2.13927944183,1.08270019054
578,2.08899649334,1.10462894201
579,2.1618288393,1.02323087692
580,2.10828418732,1.03972875834
581,2.14622680664,1.05097438574
582,2.10217323112,1.0354754734
583,2.13454419231,1.05326059103
584,2.14246863079,1.0332823658
585,2.09009404755,1.02295243979
586,2.11056949615,1.06937089682
587,2.10342429256,1.05559543371
588,2.11219923115,1.00858880043
589,2.05917766094,1.0351618576
590,2.13700374603,1.10315456867
591,2.07557820415,1.11760017872
592,2.10563442135,1.04768380165
593,2.0436521616,1.05269482613
594,2.05405136395,1.05926035881
595,2.01307191467,1.01811586618
596,1.99864074135,1.07762834787
597,2.0694433279,1.08010182381
598,2.01641482258,1.04627716303
599,2.0733693819,1.05213833809
600,1.99588256359,1.05737328053
601,2.05800983524,1.05432720184
602,2.03416544533,1.08696651697
603,2.03872848988,1.02477855444
604,2.01011563301,1.01818005562
605,2.01206070232,1.07206787348
606,1.95399332619,1.02491348267
607,2.01420791817,1.0298731637
608,1.99406980419,1.06772945404
609,1.98618853569,1.01710649729
610,2.02430585766,1.01767549276
611,1.94776358986,1.02940271616
612,2.04917236614,1.00498929501
613,1.99072517872,1.0459012413
614,1.96299619102,1.06271779776
615,1.93726399231,1.00145563126
616,1.92767781067,1.01884319067
617,1.92127954578,1.00567236185
618,1.9459856081,1.00426693201
619,1.93305832195,1.0675902462
620,1.90982658386,1.02092359781
621,1.91427230358,1.12866350412
622,1.92869193554,1.01288404703
623,1.91080755901,1.01649398565
624,1.93422524357,1.0344189477
625,1.87830676174,0.999422650337
626,1.90340167522,1.02006616354
627,1.8836571188,1.02071151972
628,1.87129449749,1.04902641296
629,1.86525076389,1.00231668234
630,1.87104454327,1.03996221781
631,1.88125758362,0.99733259201
632,1.95209045696,1.02050507545
633,1.89844403839,1.02242421865
634,1.86606472301,1.04038404703
635,1.86587891865,1.0068180418
636,1.84592850208,0.969632837772
637,1.87765812778,1.00360930443
638,1.87610870647,1.01015547037
639,1.86622147369,0.991518335342
640,1.84549839211,0.990992722511
641,1.8837383852,0.986654984951
642,1.84223144531,1.0158195591
643,1.82069414806,1.04421707392
644,1.78863957405,0.997986600399
645,1.80402695465,1.02436282873
646,1.79820536137,1.03975633621
647,1.81236476135,1.01034720898
648,1.79968927479,1.01573010445
649,1.79791583729,0.992991809845
650,1.82519498444,1.00011787653
651,1.79365136242,0.996590824127
652,1.75762698078,0.97716135025
653,1.77354356098,1.02874131918
654,1.79102349186,0.968538818359
655,1.75356926155,1.01473681927
656,1.76566691303,0.981332681179
657,1.76814264393,1.02371902227
658,1.73820450687,1.01699611425
659,1.79190010357,1.02425135612
660,1.77195179844,0.982300722599
661,1.74590606689,1.00614600182
662,1.71986909294,1.00609586477
663,1.73574654961,1.01092289209
664,1.72591790199,0.977992372513
665,1.71737449932,0.996711082458
666,1.73582964611,1.00325683832
667,1.73035259056,1.00561828375
668,1.71472809029,0.988540458679
669,1.71133016205,0.985466706753
670,1.70313757896,1.00630373955
671,1.67126587582,1.00986560822
672,1.677064147,1.01661514759
673,1.71884491444,0.995914773941
674,1.66593987751,0.992745759487
675,1.67646176434,0.964053461552
676,1.69389038372,1.01826459646
677,1.66882396984,0.960134363174
678,1.68529515553,0.970303423405
679,1.65202221203,0.99364490509
680,1.67295771885,1.03821964264
681,1.66462715721,0.993388803005
682,1.65632376575,0.989798297882
683,1.71495133495,0.987419748306
684,1.67062643433,1.00500240564
685,1.65232567024,0.996067335606
686,1.67389945889,1.00640046835
687,1.61815664196,0.997785301208
688,1.64339942074,1.00171127558
689,1.66443667603,0.998763144016
690,1.65955140686,1.03033520222
691,1.66407132053,0.979678113461
692,1.62405841637,0.9849670434
693,1.62285280132,0.962418878078
694,1.59334519482,0.990825834274
695,1.61919086933,0.972092759609
696,1.61471826935,0.959066483974
697,1.60699855042,0.986623780727
698,1.60449627495,1.01185913324
699,1.60456491089,0.986280267239
700,1.61468631077,1.0001302743
701,1.61164975643,0.981426298618
702,1.62016805172,0.975640125275
703,1.59345243645,0.967443320751
704,1.61557079411,0.965594444275
705,1.55595818329,0.992256009579
706,1.55724978352,0.988110063076
707,1.57858107281,0.994866178036
708,1.56585302448,0.99119333744
709,1.5936053009,0.947801456451
710,1.55686135578,0.963231585026
711,1.54284611034,0.950143043995
712,1.54479490185,0.958445961475
713,1.57002183533,0.96177195549
714,1.55481122017,0.981958544254
715,1.54494156837,0.976163790226
716,1.55562356663,0.993759348392
717,1.52188941956,0.97780670166
718,1.55800842762,0.982429392338
719,1.55158712673,1.00629370689
720,1.53687182426,0.96985345602
721,1.54630188465,0.983773596287
722,1.52769560909,0.984722325802
723,1.52347086811,1.00056112051
724,1.5262284174,0.990478401184
725,1.5240375967,0.952617685795
726,1.53247963715,0.981413416862
727,1.50926454449,0.985217320919
728,1.50917803288,0.969302814007
729,1.53347165775,0.961854116917
730,1.50809083843,0.989991292953
731,1.52026042652,1.01322585106
732,1.49408780384,0.956525309086
733,1.49674598026,0.960853669643
734,1.50075437641,0.940589697361
735,1.51313301182,0.932920427322
736,1.49403969669,0.935552976131
737,1.4932552309,0.99021677494
738,1.47289304256,0.968062849045
739,1.49404424095,0.963957884312
740,1.47685536671,0.980987977982
741,1.47264335632,0.952531683445
742,1.47531886387,0.94935931921
743,1.48416367626,0.932494866848
744,1.4704249301,0.974883995056
745,1.45888683033,0.963605744839
746,1.47448944664,0.987604904175
747,1.46609219646,0.984410765171
748,1.453580966,0.977529571056
749,1.44748673534,0.974921312332
750,1.44005098629,0.995008165836
751,1.45972250843,0.978653795719
752,1.45606724644,0.978148291111
753,1.46536652279,0.972025279999
754,1.43788100529,1.00624116659
755,1.44014362812,0.967257478237
756,1.44075686359,0.980025274754
757,1.44905399036,0.981357440948
758,1.45233847809,0.944520969391
759,1.45200935078,0.980797085762
760,1.42389111423,0.954537575245
761,1.44961339235,0.97707264185
762,1.43967491245,0.9968288517
763,1.42605468273,0.984643609524
764,1.441633461,0.969654693604
765,1.42923104954,0.990780107975
766,1.41941874409,0.988065729141
767,1.42359201717,0.984052844048
768,1.40526953411,0.965947232246
769,1.41173592091,0.965756332874
770,1.42564170361,0.971339018345
771,1.40374306393,0.995955429077
772,1.41646945667,0.982492239475
773,1.40659468555,0.9577821064
774,1.42953066921,0.957588541508
775,1.41444378948,0.964831426144
776,1.42897689915,0.977862443924
777,1.42026838589,0.955515391827
778,1.40024988842,0.952759139538
779,1.41610492229,0.959781913757
780,1.40270594311,0.956355941296
781,1.40724512196,0.960910511017
782,1.40284063721,0.985351579189
783,1.41276185942,0.960529546738
784,1.39051043606,0.976008625031
785,1.39545277405,0.987037756443
786,1.40164373875,0.957274534702
787,1.40692537594,1.00071588755
788,1.36276079845,0.983471961021
789,1.39313443089,0.980091950893
790,1.37725528812,0.971809968948
791,1.41216071606,0.954497263432
792,1.39836026764,0.956009318829
793,1.37566833401,0.971861212254
794,1.38445011616,0.954389903545
795,1.36966259384,0.995769791603
796,1.3721542387,0.97659375906
797,1.38991956234,0.971478879452
798,1.3780386343,0.976116323471
799,1.37335365963,0.980273122787
800,1.38163396454,0.967169961929
801,1.36563625431,0.957894468307
802,1.38399249554,0.986560513973
803,1.38917076111,1.00276016235
804,1.37794309139,0.955252687931
805,1.36210174465,0.957284889221
806,1.35604623032,0.986783387661
807,1.37436939621,0.977265455723
808,1.38244124126,0.951839437485
809,1.36553090572,0.995241098404
810,1.34951380062,0.961071071625
811,1.35921069813,0.962581410408
812,1.36732513905,0.962073595524
813,1.37038872623,0.960190038681
814,1.38047061825,0.989199943542
815,1.38032622814,0.967527420521
816,1.35482802105,0.970195105076
817,1.38134626484,1.00848352671
818,1.37304962826,0.992620601654
819,1.36243016911,0.956714715958
820,1.3488000536,0.986588118076
821,1.35902668285,0.968347146511
822,1.37142183208,0.965208871365
823,1.35041593552,0.958848791122
824,1.36285500622,0.984959182739
825,1.3634884901,0.957158615589
826,1.36572910404,0.974751405716
827,1.34969215107,0.962416627407
828,1.35382187939,0.982376229763
829,1.3483227129,0.978595674038
830,1.35237635899,0.958208868504
831,1.36152263927,0.997273991108
832,1.36785821819,0.970296933651
833,1.35734660721,0.968398151398
834,1.36001753712,0.984424080849
835,1.34962948513,0.97298738718
836,1.35496921968,0.985097558498
837,1.33973420238,0.962797355652
838,1.3485998373,0.966321599483
839,1.34577391291,0.982356700897
840,1.35373174763,0.970113427639
841,1.3439325285,0.960837061405
842,1.32147926426,0.979736204147
843,1.33955736828,0.954498875141
844,1.33406106806,0.994605789185
845,1.35598718548,0.997914686203
846,1.32445885944,0.974974644184
847,1.33577486324,0.968197686672
848,1.32702786255,0.970228872299
849,1.35360968494,0.992161483765
850,1.34737744427,0.977992303371
851,1.3290369978,0.962866361141
852,1.33126649761,0.961973598003
853,1.34275146198,0.95350430727
854,1.33986684322,0.963210468292
855,1.33620895481,0.955360326767
856,1.31775457287,0.97505168438
857,1.32606557941,1.01107130289
858,1.32685039425,0.996369333267
859,1.32224805546,1.00118541718
860,1.32692038822,1.01480071783
861,1.3445104475,0.978530523777
862,1.31920099163,0.996475119591
863,1.32327180099,0.985903470516
864,1.30957288074,0.980836699009
865,1.31867259502,0.959908807278
866,1.3236917448,1.01064237356
867,1.31042518902,0.964222581387
868,1.33798372173,0.975019757748
869,1.31684521103,0.968097801208
870,1.31374405813,0.980645523071
871,1.32031075764,0.977978525162
872,1.3318925066,0.989346776009
873,1.30786220169,0.981163921356
874,1.30852530003,0.983999547958
875,1.31173196125,0.991786520481
876,1.30448753309,0.980504472256
877,1.30576760483,0.967170851231
878,1.32832637119,0.97944798708
879,1.30216006374,0.979312551022
880,1.30702421665,0.999344236851
881,1.32314118099,0.972126715183
882,1.30906701183,0.986416532993
883,1.31041750431,0.983191251755
884,1.30255953503,1.0096237731
885,1.29414276505,0.977257423401
886,1.30522468662,0.973868744373
887,1.28996152592,0.972151386738
888,1.28425112438,0.990947287083
889,1.29334531641,0.98393553257
890,1.2909858942,0.996205730438
891,1.30323375797,1.00783681631
892,1.28313473225,1.00263878345
893,1.30852135468,0.975334546566
894,1.3053947897,1.04502010822
895,1.31067977524,0.987424600124
896,1.30667811871,1.01448589087
897,1.31494759655,1.01936589956
898,1.29945781708,0.991885640621
899,1.30057035542,0.992012729645
900,1.30307009602,1.01158792257
901,1.27815290594,0.98423781395
902,1.28804230785,0.97949539423
903,1.29607541752,0.972976834774
904,1.31341253328,0.949766480923
905,1.29248819351,0.97972423315
906,1.27238521671,0.973734307289
907,1.30314810467,1.01619488716
908,1.2939368248,0.985143339634
909,1.30054671955,1.01470981598
910,1.26821868801,0.984184453487
911,1.29361861706,1.02683787346
912,1.30913650894,0.997701132298
913,1.2899223299,1.00362700939
914,1.29228350163,0.990554666519
915,1.284705369,1.00944997549
916,1.27710043049,0.983810949326
917,1.3016275382,1.00024289846
918,1.27832868862,0.986132326126
919,1.29774123287,1.00049491644
920,1.26531637096,0.9738621521
921,1.27432830811,0.99663005352
922,1.28796269608,0.986633169651
923,1.28831792688,0.960388410091
924,1.2689832015,1.01554291725
925,1.27416312647,0.98983397007
926,1.27568767786,1.03439788818
927,1.29627394581,1.02515041351
928,1.28122808981,1.00159878016
929,1.27402304983,1.02441754341
930,1.2795136385,0.962061083317
931,1.29162591839,1.00065952539
932,1.28345911884,0.982674424648
933,1.25772000504,0.996325414181
934,1.26453257275,0.982414782047
935,1.26225675964,1.00261287689
936,1.25015547085,1.0178834343
937,1.26724533176,0.995710124969
938,1.27769893646,0.98644544363
939,1.29453633213,0.999989850521
940,1.24816982555,1.01333686829
941,1.26725748968,0.99924639225
942,1.2683320055,1.02629326344
943,1.29968603802,1.00205026865
944,1.25773320055,1.00229341507
945,1.26424075365,1.00512600183
946,1.29130963612,0.986277742386
947,1.26833791065,0.995731620789
948,1.27761641216,1.01531646729
949,1.26394073772,1.03338281155
950,1.27703873444,0.996440939903
951,1.25246987391,1.01476088047
952,1.25655090618,1.01352947474
953,1.28781289673,1.0085773468
954,1.26364235973,0.989857120514
955,1.25169974422,0.997114486694
956,1.28168135738,0.99729524374
957,1.25720336771,1.00303506613
958,1.2480613265,1.00255368948
959,1.26655595303,0.990783462524
960,1.24021309566,0.990403497219
961,1.26934789181,1.01042286158
962,1.26490058756,0.987224390507
963,1.24265728283,1.01094577551
964,1.24871534967,1.0434020257
965,1.24599254656,1.00871875525
966,1.25214504004,0.987646617889
967,1.23219591045,1.03654982567
968,1.25513179493,1.03602440119
969,1.23604173803,1.01791235209
970,1.23497906876,1.01785045385
971,1.24355202961,1.01415967941
972,1.24494480419,1.0033114028
973,1.26599513912,0.996176214218
974,1.24189820766,1.03817184925
975,1.24916450977,1.00081777334
976,1.25701269054,1.01585933447
977,1.23642605305,1.01971618414
978,1.25115819788,1.02287713766
979,1.25845850468,1.01523338079
980,1.24240406036,1.03248489618
981,1.23459618473,1.00986281395
982,1.23159341812,1.00308074951
983,1.24715912485,1.03096519709
984,1.24923550701,0.97846609354
985,1.23814274693,1.01619449854
986,1.23207846546,0.998995912075
987,1.22999953604,0.993427352905
988,1.24111344433,0.997539708614
989,1.24001232147,0.977037241459
990,1.21005964947,1.02759284735
991,1.2422854147,1.02319749355
992,1.22956537533,0.992883341312
993,1.24219861841,1.03812055826
994,1.23748616123,1.04008020163
995,1.23083630657,1.01593459129
996,1.23228993988,1.0278882575
997,1.26286889935,1.01218660116
998,1.2112751174,1.03077169895
999,1.21959739065,1.02407500267
1000,1.22989313459,1.03752509832
1001,1.2491487093,1.0211213088
1002,1.22729270649,1.00908746958
1003,1.23223489904,1.02576311588
1004,1.2298267622,1.00325714111
1005,1.24526832342,1.01567620277
1006,1.22270923138,1.01598609686
1007,1.21847783804,1.03277321339
1008,1.24863355112,1.01600663185
1009,1.21892133808,1.0214964509
1010,1.22880591536,1.00849514246
1011,1.20053422785,1.00983536243
1012,1.23846965313,0.995391111374
1013,1.22791832113,1.01879742146
1014,1.20692941952,0.983120756149
1015,1.21304282236,1.00280067444
1016,1.22166977787,1.00930752754
1017,1.20504752493,1.01846124411
1018,1.22228921986,1.03181314468
1019,1.23895338917,1.0135193634
1020,1.21584191275,1.00709759235
1021,1.21781720209,1.0307989502
1022,1.20399881268,1.00044620752
1023,1.22778327799,1.0232338953
1024,1.25263866663,1.04457629204
1025,1.23039404011,0.997106752396
1026,1.21185680914,1.02512567759
1027,1.23286856556,1.01205788612
1028,1.23161947918,1.05100579977
1029,1.22179495764,1.06787566185
1030,1.20863203192,1.0228573966
1031,1.23614008474,1.0196846962
1032,1.2113597002,1.03699014664
1033,1.19970214319,1.01596992254
1034,1.21907049799,0.995997977257
1035,1.18860507298,1.02797562122
1036,1.22638549042,1.05447189093
1037,1.2219717927,1.009503057
1038,1.20682018661,1.04342948437
1039,1.20566636753,1.03899412155
1040,1.21399241114,1.03698184967
1041,1.21265499878,1.03316986322
1042,1.21943412924,1.02932126045
1043,1.20832021236,1.01685600281
1044,1.21180044413,1.01592041016
1045,1.20618443155,1.03401140213
1046,1.18714294815,1.05539447546
1047,1.20555607891,1.03898259878
1048,1.19657773829,0.98627109766
1049,1.20702789545,1.00469841003
1050,1.21140852737,1.03248766184
1051,1.21296330023,1.02824775457
1052,1.20501275015,1.04162361145
1053,1.20347331524,1.03251343727
1054,1.1823128891,1.0088055706
1055,1.20342963648,1.07287988424
1056,1.18624797964,1.03834127188
1057,1.20005579281,1.05361863852
1058,1.21443767548,1.0425732398
1059,1.19345410538,1.03513117313
1060,1.18649937296,1.0235642004
1061,1.1893463769,1.00006689548
1062,1.1889406333,1.02758051872
1063,1.18232485151,1.01730042934
1064,1.19116791916,1.013469069
1065,1.19801424456,1.06251153946
1066,1.19034401226,1.04340759516
1067,1.19560489798,1.04917689323
1068,1.18895756674,1.02016992807
1069,1.18333673573,0.993309826851
1070,1.19439767456,1.04819543839
1071,1.16839791632,1.0453217268
1072,1.20880749607,1.05294528008
1073,1.200880198,1.03283938408
1074,1.19855623674,1.02301392555
1075,1.17902195263,1.00825801373
1076,1.20175119638,1.06682505608
1077,1.20464077377,1.01668844223
1078,1.19271249437,1.01631908655
1079,1.17008570337,1.03086308479
1080,1.17393484116,1.07021591425
1081,1.19674897766,1.02901893139
1082,1.17688281012,1.04188417196
1083,1.17001464844,1.02843976021
1084,1.17393973064,1.03321155071
1085,1.16528582811,1.04426253319
1086,1.16855398798,1.04721185923
1087,1.17594057178,1.02907477379
1088,1.18213148975,1.02797390938
1089,1.18875273275,1.06097244501
1090,1.19331512308,1.02501690865
1091,1.17073478651,1.06360578299
1092,1.17290296316,1.03572516918
1093,1.16039686108,1.03838469505
1094,1.17485559893,1.03719534874
1095,1.19220459986,1.0243027091
1096,1.19625110388,1.03734053612
1097,1.17868201208,1.02432513952
1098,1.17937258768,1.03813358068
1099,1.1819646678,1.02304686546
1100,1.17075643206,1.02090223789
1101,1.18434081554,1.04264160395
1102,1.17458938837,1.00237459183
1103,1.15542523146,1.04718879461
1104,1.19326061916,1.02106794357
1105,1.1814028554,1.04768176794
1106,1.16916026354,1.04211935997
1107,1.15580374956,1.05226364374
1108,1.16929169464,1.05154081345
1109,1.18924349308,1.03784529686
1110,1.15800159597,1.06256971836
1111,1.17744799566,1.0502490592
1112,1.17859625101,1.03289803505
1113,1.184866745,1.04325758219
1114,1.16830840254,1.05811799049
1115,1.1889765029,1.04344425678
1116,1.18016547012,1.06114556313
1117,1.18757217121,1.04802903891
1118,1.15664251852,1.04277069092
1119,1.14633953857,1.03926807165
1120,1.16339569473,1.03821396351
1121,1.15685774088,1.03960239887
1122,1.15763941145,1.05657743692
1123,1.16257296276,1.05194355965
1124,1.17089588642,1.05549684286
1125,1.15702323961,1.03016151428
1126,1.15859681749,1.03030258179
1127,1.1701216588,1.04889566422
1128,1.1648913269,1.03860315084
1129,1.15606580496,1.04183554649
1130,1.17482154989,1.04592054129
1131,1.14590564966,1.03261457682
1132,1.1498200326,1.05719219446
1133,1.16724286938,1.06044570684
1134,1.15789273024,1.0426725626
1135,1.16346751165,1.06201702356
1136,1.15613832617,1.05362413168
1137,1.14594448853,1.03736327171
1138,1.14999780369,1.04252923012
1139,1.15965350819,1.05762413979
1140,1.15358238316,1.05294170618
1141,1.15796785736,1.04943175793
1142,1.1418525672,1.04446382284
1143,1.17130697584,1.05105943441
1144,1.15592358923,1.03800687551
1145,1.14614547014,1.0670374465
1146,1.15926411438,1.02854454041
1147,1.14281097269,1.04797118187
1148,1.1515186162,1.01525124073
1149,1.1398749342,1.04107851267
1150,1.15511373281,1.07863108635
1151,1.14304952717,1.04329942465
1152,1.1705760498,1.04332105875
1153,1.14232698059,1.04240541458
1154,1.13700197887,1.04158958435
1155,1.13266249037,1.05547287941
1156,1.14535658884,1.06324942589
1157,1.15295206165,1.05555572033
1158,1.15376688528,1.08098135233
1159,1.1592914567,1.05917054176
1160,1.14410379934,1.03954529285
1161,1.15857229471,1.08297157526
1162,1.14365417862,1.06393273354
1163,1.15454319239,1.04429948807
1164,1.15418204355,1.04829351664
1165,1.14699941874,1.04813549042
1166,1.13935895014,1.07319671392
1167,1.14070499945,1.05719026327
1168,1.12711623478,1.0444593215
1169,1.16578052664,1.06614715576
1170,1.13648712635,1.05175911188
1171,1.1378291831,1.06027888298
1172,1.14754006147,1.0620345974
1173,1.13465076208,1.08532798529
1174,1.14477597046,1.07209541321
1175,1.15660379791,1.05403930902
1176,1.1231679039,1.06034655571
1177,1.13164029598,1.05632204056
1178,1.14656038427,1.07594814777
1179,1.13655730391,1.06303076267
1180,1.14210259342,1.07248959064
1181,1.14439793777,1.07299965382
1182,1.14802848053,1.06863578558
1183,1.13866935968,1.04498708725
1184,1.13104047632,1.04090416908
1185,1.13053217459,1.0557937789
1186,1.13796959019,1.03973742485
1187,1.15716829729,1.06884013176
1188,1.12742042303,1.07051002264
1189,1.11768251324,1.06959680796
1190,1.14098213863,1.04043763161
1191,1.1203751092,1.07232553959
1192,1.11972232962,1.05158912897
1193,1.12057571793,1.07216691732
1194,1.13260526752,1.04013903141
1195,1.12125381708,1.06296135902
1196,1.12851087713,1.06005771399
1197,1.14113061666,1.05642576218
1198,1.12423798656,1.07019248962
1199,1.13893076849,1.06018134594
1200,1.12546548748,1.06562884331
1201,1.11303315878,1.06781200647
1202,1.13590329361,1.06197185755
1203,1.12772354937,1.04695663452
1204,1.12936032391,1.07939109802
1205,1.12119244766,1.06389718771
1206,1.11580544138,1.07743324518
1207,1.13482987165,1.06126264334
1208,1.10909018087,1.06308687449
1209,1.12273598957,1.07032074213
1210,1.13845077276,1.08088485479
1211,1.12647015667,1.08900383949
1212,1.12848933792,1.07881447315
1213,1.13820525885,1.08426239014
1214,1.10701068115,1.08864726067
1215,1.13762125921,1.07047018051
1216,1.12470612431,1.06626127005
1217,1.10572842169,1.06248649359
1218,1.11572357416,1.06278796196
1219,1.12803905869,1.06939545631
1220,1.12589972687,1.05406009912
1221,1.12138420057,1.07587459564
1222,1.11030081701,1.06155384302
1223,1.10856403732,1.12070865631
1224,1.12015243769,1.05912010431
1225,1.11248163509,1.06970884323
1226,1.11537214136,1.06816364288
1227,1.11995429468,1.07182825089
1228,1.11647967291,1.05871103525
1229,1.11725521994,1.06877001047
1230,1.1169446311,1.06727487803
1231,1.12644995499,1.07673915625
1232,1.11322825718,1.06770978928
1233,1.10745381021,1.09972877026
1234,1.11912520647,1.0800991869
1235,1.10814747906,1.10350528955
1236,1.10428006029,1.07095040798
1237,1.10792363262,1.07442648411
1238,1.11572548532,1.1038932395
1239,1.1104338088,1.07489916086
1240,1.10957825327,1.07947845459
1241,1.11269799185,1.06767782211
1242,1.10864477634,1.06105983734
1243,1.10365278864,1.06909017324
1244,1.11837137747,1.06175461054
1245,1.11229292154,1.08996585608
1246,1.10738028479,1.07496736765
1247,1.09590614557,1.10094858646
1248,1.10209445333,1.07024559021
1249,1.11370747519,1.06984288216
1250,1.10696263504,1.07161922216
1251,1.10578987503,1.07547912359
1252,1.10083167744,1.08662515163
1253,1.10008434916,1.08539911509
1254,1.11319427729,1.08750347376
1255,1.12221519518,1.08199249506
1256,1.09622556162,1.0812224555
1257,1.10225781918,1.08310493231
1258,1.09712833166,1.07994487524
1259,1.10675192499,1.09464051723
1260,1.09453312635,1.09473140478
1261,1.09394364405,1.07097021341
1262,1.09119463396,1.07700715542
1263,1.10586279678,1.07488887548
1264,1.10792041159,1.062099967
1265,1.12143958902,1.0708794117
1266,1.0915055275,1.06915495872
1267,1.10055765533,1.06708434105
1268,1.10237766647,1.065282197
1269,1.09753915548,1.09698777676
1270,1.09148605299,1.0833526063
1271,1.09948168993,1.08579156399
1272,1.10606706333,1.09245256424
1273,1.10042636251,1.09794954062
1274,1.09172126102,1.12884053946
1275,1.09191544485,1.08418758631
1276,1.09953653955,1.10397180319
1277,1.09647887802,1.09771453619
1278,1.09805271912,1.11572244883
1279,1.08041505718,1.06875097513
1280,1.11320930719,1.10335824728
1281,1.10400589752,1.12033349037
1282,1.09823378611,1.09236457825
1283,1.11240573359,1.0920620966
1284,1.08409860849,1.09706331491
1285,1.09583648634,1.11193746328
1286,1.09191015863,1.11122692347
1287,1.09541543531,1.08854756355
1288,1.08540196276,1.10966109276
1289,1.07535993147,1.09966070175
1290,1.10707978964,1.09009611368
1291,1.07915271711,1.09598766327
1292,1.0843487587,1.09428033829
1293,1.09265811539,1.09379791021
1294,1.10069848537,1.07207130194
1295,1.09845476007,1.11740241051
1296,1.10759904432,1.07039410591
1297,1.08956855869,1.10615211725
1298,1.06683835077,1.11007042885
1299,1.09167175817,1.08403167486
1300,1.0826906662,1.07028000355
1301,1.0739372015,1.09138077021
1302,1.075293612,1.10015794992
1303,1.09036396313,1.08355359554
1304,1.08607022715,1.09221641779
1305,1.10637082195,1.10156090736
1306,1.09341198206,1.07831154823
1307,1.09487056017,1.09346128225
1308,1.09447815943,1.12018213511
1309,1.07136339188,1.09110000849
1310,1.09441222906,1.09738280296
1311,1.07190563917,1.10315555334
1312,1.09814702559,1.08747995377
1313,1.08933101273,1.10535039663
1314,1.09371684504,1.10253965616
1315,1.08287643957,1.11691553116
1316,1.08512047577,1.11090523005
1317,1.09467908716,1.09178774834
1318,1.08980903864,1.10835375786
1319,1.0760428853,1.1083882308
1320,1.08091437149,1.1094637084
1321,1.086529984,1.10281705618
1322,1.06961643362,1.10259668827
1323,1.08628086615,1.0736783886
1324,1.0856790452,1.09613008738
1325,1.08083362484,1.09027412176
1326,1.06812885523,1.0917949152
1327,1.0888671174,1.10512582779
1328,1.08505498743,1.11405627966
1329,1.07976291895,1.09230653524
1330,1.0858441987,1.11651500702
1331,1.09079413748,1.08372047901
1332,1.09842270279,1.12772848368
1333,1.08261218119,1.09145348072
1334,1.07215188313,1.09875101328
1335,1.07506343365,1.11372121572
1336,1.05815525103,1.10396713018
1337,1.07283189535,1.11237682581
1338,1.05670424604,1.0964560914
1339,1.07123609161,1.13136216164
1340,1.08212852001,1.096231668
1341,1.07368378687,1.12312337637
1342,1.07672712708,1.09520029306
1343,1.0610359664,1.10562934875
1344,1.06872883463,1.11593885899
1345,1.09124556208,1.08829038858
1346,1.07571800375,1.07952888012
1347,1.07545675898,1.11161419868
1348,1.07376604319,1.10090633869
1349,1.06413598347,1.09643321037
1350,1.07196029139,1.09819767952
1351,1.0709050889,1.1138970232
1352,1.06969156027,1.11157417536
1353,1.06187072897,1.12163478613
1354,1.07478933859,1.09848127365
1355,1.07803194332,1.09537575245
1356,1.07087621355,1.09968215466
1357,1.05779628897,1.09228788137
1358,1.04355997229,1.11785148382
1359,1.07018554163,1.12149727106
1360,1.06981082869,1.10704187155
1361,1.08021995163,1.09821665764
1362,1.06447215176,1.10444437504
1363,1.06989280176,1.09695520163
1364,1.0608468852,1.10439628839
1365,1.05676067829,1.1126570344
1366,1.05796287918,1.1119972086
1367,1.05807203531,1.11651069641
1368,1.06795641708,1.08932620764
1369,1.0759462347,1.11289565086
1370,1.0706663847,1.14774392605
1371,1.05592681932,1.09468967438
1372,1.06224043036,1.10820916176
1373,1.05163785028,1.11799071312
1374,1.05359217119,1.11062334299
1375,1.07087485743,1.13154569864
1376,1.07351651382,1.13426831245
1377,1.05840482092,1.11950378656
1378,1.0594818306,1.11362484932
1379,1.05355069494,1.09743041515
1380,1.05598865747,1.10708283901
1381,1.07359550238,1.12532333851
1382,1.05383846998,1.12038473368
1383,1.0592696929,1.1131100297
1384,1.06756313992,1.13187916756
1385,1.0649429636,1.11537025928
1386,1.05249750137,1.11032966375
1387,1.04813310337,1.12941231012
1388,1.05500314713,1.14626590252
1389,1.07155903625,1.10203380823
1390,1.05488737726,1.11141882181
1391,1.04801982212,1.1153975153
1392,1.06640003157,1.1264053154
1393,1.05549885416,1.10323432684
1394,1.05890042496,1.1191622901
1395,1.0504182024,1.10069830894
1396,1.05583099747,1.13397233725
1397,1.05948683786,1.10457036972
1398,1.06624012136,1.11913704157
1399,1.08156347704,1.11469301462
1400,1.06136391973,1.12450860023
1401,1.05183538055,1.0933943224
1402,1.0388130827,1.10784490824
1403,1.0695844574,1.1166351223
1404,1.04909590149,1.10470739365
1405,1.04948481607,1.12713152885
1406,1.05143614197,1.11896410942
1407,1.04518550539,1.10869353771
1408,1.04740701294,1.10782387733
1409,1.04838316631,1.12640193701
1410,1.0691171236,1.09589984894
1411,1.06196433258,1.126163311
1412,1.04861389923,1.11756023169
1413,1.04935315847,1.11228545189
1414,1.05505626249,1.14456296921
1415,1.06811159277,1.111549263
1416,1.07073464346,1.12318538427
1417,1.05814093637,1.12054807663
1418,1.04469371271,1.1266248107
1419,1.05317301989,1.12095519543
1420,1.04136429214,1.10786503077
1421,1.06078494501,1.08349920511
1422,1.01597880173,1.09299915075
1423,1.04842485762,1.1083663702
1424,1.03170881891,1.11523109674
1425,1.05238097763,1.10484170437
1426,1.05767416143,1.0984274888
1427,1.05814890528,1.1019944787
1428,1.03526322126,1.08930626154
1429,1.06592974043,1.13470670938
1430,1.05513991404,1.11292582035
1431,1.05679395437,1.11153004169
1432,1.05093291235,1.10340709448
1433,1.04203070974,1.10963292122
1434,1.04786359406,1.11261590719
1435,1.05090056467,1.10653291464
1436,1.04123947763,1.08896505594
1437,1.03800568914,1.11572887182
1438,1.03978485012,1.12227029324
1439,1.03768694925,1.1218787384
1440,1.04498041201,1.11805674553
1441,1.05753161526,1.13825027943
1442,1.05347984838,1.13528482676
1443,1.05761498594,1.13344921112
1444,1.02136758757,1.12268907309
1445,1.03505163431,1.10483914852
1446,1.04593687201,1.13594674826
1447,1.04944076443,1.09624477148
1448,1.03731454325,1.12833732605
1449,1.02244876814,1.13038446903
1450,1.05472608089,1.13650562763
1451,1.0342426424,1.13089696884
1452,1.0606335187,1.13370508194
1453,1.04948495626,1.13438472509
1454,1.03193434763,1.12775927544
1455,1.04096709681,1.10682300806
1456,1.03459277868,1.13477828741
1457,1.04484785604,1.14258198738
1458,1.04257506084,1.14348096371
1459,1.04514690399,1.14324839592
1460,1.03722556162,1.12779815674
1461,1.0362906003,1.12786791086
1462,1.06531660223,1.10589094162
1463,1.03445596457,1.13884418726
1464,1.02290344524,1.11287811518
1465,1.03500645304,1.12611255407
1466,1.04490186834,1.14256435394
1467,1.0349960885,1.14020276546
1468,1.03648029089,1.11659852028
1469,1.02062003946,1.11921066523
1470,1.03395390368,1.14437378168
1471,1.03234203672,1.14576115608
1472,1.03392553186,1.13574666023
1473,1.02853738928,1.13466175318
1474,1.03330262423,1.13311720848
1475,1.0415163722,1.10825376749
1476,1.04203727961,1.15079412222
1477,1.00910101175,1.13523360968
1478,1.05163659048,1.15710523367
1479,1.04312654638,1.14682595968
1480,1.0268621459,1.16454717398
1481,1.03872080278,1.1426046586
1482,1.03997122097,1.13063154459
1483,1.04407105112,1.12218082666
1484,1.04219021225,1.14670807362
1485,1.03789471674,1.12435972691
1486,1.02464518309,1.13719221592
1487,1.05287163401,1.10884527445
1488,1.03902146912,1.12307596445
1489,1.02191080618,1.14730523586
1490,1.02888495493,1.14979729176
1491,1.03494846106,1.12427349329
1492,1.0369394455,1.14293512106
1493,1.02395345831,1.12124200583
1494,1.03739056158,1.14833319664
1495,1.04403322363,1.12222546577
1496,1.02489264679,1.1173192215
1497,1.05436987162,1.13098619223
1498,1.02303163052,1.12620208263
1499,1.03951710129,1.12237443686
1500,1.027287076,1.12638572693
1501,1.03166308832,1.13370535851
1502,1.01934904718,1.11820442677
1503,1.03502187967,1.11783134699
1504,1.00824221563,1.12680520535
1505,1.03020585918,1.11729213476
1506,1.03162895823,1.14525239944
1507,1.02623877096,1.13761251926
1508,1.01320823193,1.12245971441
1509,1.0448965745,1.1278041935
1510,1.02647179174,1.11506578922
1511,1.02990142679,1.13697262287
1512,1.02028764582,1.14959819794
1513,1.02699788904,1.10767408371
1514,1.02931256008,1.14500503302
1515,1.02595298243,1.16404336691
1516,1.03220147467,1.14359355927
1517,1.01634472036,1.14145987988
1518,1.02377421093,1.12278788567
1519,1.00652141523,1.1368219471
1520,1.02006788778,1.13910914421
1521,1.0188204155,1.11591293573
1522,1.01793502665,1.11627485514
1523,1.01588267756,1.10047744989
1524,1.0076941905,1.10910042763
1525,1.01719105673,1.10963783026
1526,1.01075241709,1.12282228708
1527,1.01604945707,1.11586354256
1528,1.02749272013,1.13119052887
1529,1.02853365946,1.15559024334
1530,1.01870130301,1.16560286045
1531,1.02217997503,1.12122829676
1532,1.0083096962,1.1210218215
1533,1.02305680847,1.10961969614
1534,1.01609586382,1.13635167122
1535,1.00888357592,1.13891216278
1536,1.00317461252,1.14086283684
1537,1.0234089303,1.14977409601
1538,1.02876874495,1.14692189932
1539,1.00832321548,1.14502495766
1540,1.00778332472,1.16282814503
1541,1.02179353857,1.12816124201
1542,1.02325364685,1.14559221029
1543,1.02593885946,1.11560994148
1544,1.03422409964,1.17017626047
1545,1.03376819468,1.14118263483
1546,1.01505651569,1.11963084698
1547,1.00544499493,1.13851210117
1548,1.0223212142,1.1405137682
1549,1.01276111078,1.14485996246
1550,1.01457572412,1.15819061756
1551,1.01835215759,1.13753596306
1552,1.02567725468,1.16156843185
1553,1.00450413275,1.16323429585
1554,1.02719197226,1.14435720205
1555,1.01816146708,1.16998483419
1556,1.02236689663,1.14686731339
1557,1.0074978652,1.16547796488
1558,1.01642957163,1.1498155427
1559,1.03105187654,1.15863088608
1560,1.01528406096,1.15263860464
1561,1.00434328175,1.11538887024
1562,1.02228019571,1.15999414206
1563,1.00816919851,1.16069080591
1564,1.00574540758,1.14070923328
1565,1.02596196318,1.14418996811
1566,1.00618279266,1.1469416976
1567,1.00046622324,1.17462755203
1568,1.01396923971,1.16614507437
1569,1.0217807374,1.17977154255
1570,1.01897780085,1.14276186228
1571,1.0145746932,1.16348384857
1572,0.998113122463,1.14780080795
1573,1.00238214016,1.1511108017
1574,1.01747368193,1.15252716541
1575,1.01228261185,1.140917418
1576,1.01437344885,1.16636390209
1577,1.0178795886,1.15802076101
1578,1.00130626011,1.15834497213
1579,1.00324905777,1.15061429977
1580,1.0029683404,1.16715538979
1581,1.01296579981,1.17610134602
1582,1.00885485458,1.15337859631
1583,1.0137195549,1.16214661121
1584,1.01494807673,1.14492590904
1585,1.01625960398,1.13504137993
1586,1.00332371283,1.15994537592
1587,1.0059266572,1.13763114452
1588,1.00975212622,1.1596784997
1589,1.02138048172,1.14264634848
1590,1.00712429094,1.15244184732
1591,1.01295918512,1.16507919788
1592,1.00408702993,1.15969259739
1593,1.01059620571,1.17161377907
1594,1.00921867657,1.18442692041
1595,1.00900421524,1.17833908319
1596,1.00918261957,1.18187892914
1597,1.01380922747,1.15900066614
1598,1.00934409809,1.1471446228
1599,1.00069339657,1.1669108963
1600,1.01136981201,1.13342004299
1601,0.997681777954,1.13323190451
1602,0.99962136364,1.13805642605
1603,1.01561248016,1.15056718588
1604,1.00981395388,1.16467786789
1605,0.994593434811,1.14466677666
1606,1.00045959473,1.15760210514
1607,1.01262005472,1.1570609045
1608,0.989822209835,1.14846170187
1609,0.99685463047,1.16922971964
1610,1.00396863317,1.14911132813
1611,0.996563803196,1.16520019531
1612,0.998154584408,1.1559565568
1613,1.01075429535,1.16736011744
1614,1.01486011505,1.1642048645
1615,0.993735927582,1.13909044504
1616,1.00824972582,1.15049700737
1617,1.00585459471,1.15894984245
1618,1.00036969614,1.18066812992
1619,0.999398618221,1.15333414316
1620,1.00278152227,1.15281141281
1621,1.02040627623,1.14457454443
1622,1.01035484171,1.14012371063
1623,0.993386198521,1.1583128953
1624,0.989109345913,1.15620775461
1625,1.00467731905,1.13984306812
1626,0.99461209631,1.12923781395
1627,1.00107498312,1.13723443747
1628,1.0065640769,1.15161882877
1629,1.00368825912,1.15547043324
1630,0.997003623962,1.1508989048
1631,1.0021401701,1.16391721487
1632,0.995170569897,1.15923353672
1633,1.00127773046,1.1882877183
1634,1.00420557165,1.17120585442
1635,0.990817256451,1.1421069622
1636,1.01070208359,1.14502637625
1637,0.999507823944,1.1866565299
1638,0.997841075897,1.1604820776
1639,1.01143050718,1.16069849253
1640,0.99261150074,1.1355428791
1641,0.992520614624,1.1348735261
1642,0.99564964056,1.16598103046
1643,1.00098341131,1.17343666077
1644,1.01459466696,1.17278676748
1645,1.00448525238,1.19179549694
1646,0.999295181274,1.16326042175
1647,0.994311842918,1.1448426199
1648,0.996257506847,1.14813644409
1649,0.986444982052,1.14506455421
1650,0.999983980656,1.1518474102
1651,0.998970975399,1.15811613083
1652,1.01214046526,1.15185586691
1653,1.00003810263,1.18652033091
1654,0.981521794796,1.15989477396
1655,0.993727963924,1.16417583942
1656,1.01459792089,1.1661089325
1657,0.985677921772,1.18611973286
1658,1.00445656729,1.17178672552
1659,0.977400624752,1.19591003418
1660,0.992400364876,1.16503940344
1661,0.995920573711,1.17814258337
1662,0.981455162525,1.18831409454
1663,0.999022440434,1.15697426081
1664,0.992038462639,1.17131902933
1665,0.990658486843,1.17669822216
1666,0.991743254185,1.16528083563
1667,0.994110042572,1.17339552402
1668,1.0039089613,1.19335214615
1669,1.00278727722,1.18573036432
1670,0.988134979248,1.1556519866
1671,0.979714246273,1.18107537985
1672,0.990001655579,1.18249393225
1673,0.9937030406,1.1896711731
1674,0.997877687931,1.18760036945
1675,0.998987157345,1.19403163433
1676,0.993955845356,1.18246006012
1677,0.989171489239,1.16305410147
1678,0.975070208549,1.15697349787
1679,0.998213377476,1.15263355255
1680,0.966510894775,1.16570888758
1681,1.00736213923,1.17404016733
1682,1.00611150074,1.16372638464
1683,0.987142909527,1.15021254063
1684,1.00033978653,1.16304331064
1685,0.988190718651,1.1769680953
1686,1.00169789028,1.17321991205
1687,0.988082559109,1.18747592688
1688,1.00210621977,1.17918958902
1689,0.987740959167,1.1802433753
1690,0.991284275532,1.18549597263
1691,0.994418782711,1.18693819284
1692,0.987929635525,1.15600449085
1693,0.992510219574,1.17091547012
1694,0.983665671825,1.17387693167
1695,0.981682164192,1.14853057623
1696,1.00200124121,1.19275611401
1697,0.991635561466,1.15780296087
1698,0.98516060257,1.16495332479
1699,0.98185092926,1.1867233634
1700,0.974160180092,1.15997688532
1701,0.989782387257,1.17167072773
1702,0.988139000893,1.17555152416
1703,0.992337888241,1.18431680679
1704,0.983673452854,1.16452720404
1705,0.970565061092,1.17790424109
1706,0.97228935194,1.15597078323
1707,0.981355675697,1.18595264435
1708,0.981944613934,1.17845798969
1709,0.976231584072,1.15892225504
1710,0.975415381908,1.17762273312
1711,0.981294741154,1.1866244483
1712,0.976386292934,1.17030139446
1713,0.996364524841,1.17636527538
1714,0.97244878149,1.16760147095
1715,0.978110057831,1.15138077021
1716,0.975649607182,1.15811445236
1717,0.984116164207,1.17175573111
1718,0.982697954655,1.17167541265
1719,0.99003400135,1.16601080179
1720,0.992210753918,1.18355222464
1721,0.9779332304,1.15999361515
1722,0.985025492191,1.14706468105
1723,0.981011713505,1.16948150396
1724,0.971871486664,1.16020078897
1725,0.995679804802,1.18460990906
1726,0.988118039608,1.17170705318
1727,0.980995277882,1.17436035633
1728,0.987113584995,1.17219160318
1729,0.97923918438,1.16439053059
1730,0.976338495731,1.16592269659
1731,0.97467211771,1.17227476597
1732,0.964192415714,1.19733774424
1733,0.98359639883,1.18120741367
1734,0.978488505363,1.1719230628
1735,0.975209706783,1.16766678095
1736,0.982170619965,1.17403612375
1737,0.966216042995,1.17280982494
1738,0.984949556828,1.1850560379
1739,0.991362206459,1.16934724331
1740,0.967241288185,1.17469356775
1741,0.967437173367,1.16148808956
1742,0.975323291779,1.14106956482
1743,0.983158179283,1.15582328796
1744,0.975479381561,1.16155315161
1745,0.967047035217,1.15594676495
1746,0.970352549076,1.17855589151
1747,0.969361418724,1.19824390173
1748,0.974387046337,1.18613342524
1749,0.981332494259,1.16862596273
1750,0.976195294857,1.15633321762
1751,0.979977218628,1.18019960403
1752,0.975658332825,1.19000534296
1753,0.978759403229,1.19384023428
1754,0.975047925472,1.18305650711
1755,0.988503350735,1.18950315237
1756,0.97693295908,1.1820210433
1757,0.982039022923,1.18481317282
1758,0.979290499687,1.17590002537
1759,0.971700673103,1.20432016611
1760,0.98250127697,1.17692847729
1761,0.980185332775,1.17567783117
1762,0.975581474304,1.16806760788
1763,0.973541312695,1.17737107992
1764,0.9605273242,1.16843990088
1765,0.966706905842,1.19408649921
1766,0.960829323769,1.18469822407
1767,0.98131547451,1.19385703802
1768,0.979933457375,1.18812942028
1769,0.966090400696,1.18929834604
1770,0.975160794735,1.19014791489
1771,0.975659013271,1.17782837152
1772,0.965150592327,1.19678104401
1773,0.965447227478,1.16741997004
1774,0.973681404591,1.20621139288
1775,0.973248363495,1.21707013845
1776,0.982834960461,1.17230236292
1777,0.9739508605,1.18618866205
1778,0.970978987694,1.20334647655
1779,0.973394977093,1.17920165539
1780,0.969429857731,1.18360801935
1781,0.96790178299,1.19275816202
1782,0.985576943874,1.180913167
1783,0.971305323124,1.19437004566
1784,0.954423511505,1.1903979516
1785,0.980426442623,1.18855974436
1786,0.963055469036,1.19205535412
1787,0.965561452389,1.18741109371
1788,0.955807011127,1.17885563135
1789,0.956331725121,1.18000647068
1790,0.979354353428,1.16173240423
1791,0.976312020302,1.17873940945
1792,0.974102182865,1.19992944717
1793,0.971545684338,1.17249019861
1794,0.961914141178,1.18675372601
1795,0.97765984869,1.18294992208
1796,0.97062607193,1.18323596478
1797,0.959808700562,1.18216998577
1798,0.961217283726,1.16506046534
1799,0.96340816021,1.18545694828
1800,0.967132184505,1.20280745983
1801,0.981119028568,1.20139718771
1802,0.962708842754,1.19248260021
1803,0.952267198086,1.17212643147
1804,0.966906085968,1.19288998127
1805,0.962120868206,1.19403352737
1806,0.969302867889,1.20148302078
1807,0.969035748959,1.19149223566
1808,0.97061587429,1.21251981735
1809,0.96423845768,1.17029510021
1810,0.966155822754,1.18398937464
1811,0.984838782787,1.19868507147
1812,0.975263856411,1.19226653814
1813,0.967907544613,1.19006349802
1814,0.972236462593,1.17577426434
1815,0.96181172657,1.21048795462
1816,0.953776978493,1.18088577747
1817,0.975888421535,1.18219507694
1818,0.962817469597,1.18670865774
1819,0.975460843563,1.19562953949
1820,0.953995483875,1.18430816412
1821,0.960696308136,1.21818804026
1822,0.963290771484,1.19462486029
1823,0.964937908173,1.18075122833
1824,0.958415166378,1.18391832113
1825,0.966748226166,1.19854631662
1826,0.964839270115,1.20648235321
1827,0.971021759987,1.18683012009
1828,0.962731367588,1.21534021139
1829,0.963245390415,1.19629405737
1830,0.977094522953,1.21397957325
1831,0.960986452579,1.19766588211
1832,0.974985211372,1.19619682789
1833,0.979038504124,1.19431234598
1834,0.964370723724,1.18185332775
1835,0.95902359724,1.19339412212
1836,0.952346844196,1.1769718504
1837,0.984802156925,1.20085132122
1838,0.976132867336,1.1683673048
1839,0.961506229877,1.20948293924
1840,0.98388292551,1.20597471237
1841,0.956952340126,1.19852796555
1842,0.958750470161,1.20579769611
1843,0.953045991421,1.19062290668
1844,0.958220677853,1.21374763727
1845,0.972342139721,1.18273959637
1846,0.959823631763,1.195747931
1847,0.948849040508,1.19291154623
1848,0.96500902319,1.21264629126
1849,0.966534081936,1.19675992727
1850,0.963931475163,1.19568843842
1851,0.980267812252,1.23121034145
1852,0.952431545734,1.23159332514
1853,0.97851186657,1.21093957663
1854,0.967481236935,1.21431670904
1855,0.965626190186,1.1894838357
1856,0.957170248508,1.20027188778
1857,0.948059238911,1.19763450861
1858,0.959086340427,1.20359572887
1859,0.971392406464,1.22083794117
1860,0.968325944424,1.19830360174
1861,0.969810808659,1.18737977743
1862,0.956321022034,1.23223588705
1863,0.961219591618,1.24545747519
1864,0.952562188625,1.19752645254
1865,0.972512544155,1.20857219219
1866,0.957008677006,1.19479240417
1867,0.958056959629,1.17482578754
1868,0.942428278446,1.21584717035
1869,0.955264018059,1.20760750055
1870,0.958287675381,1.19701469183
1871,0.947664952278,1.21180500507
1872,0.968438835144,1.19879214764
1873,0.949175907612,1.20133677959
1874,0.974992551327,1.21617058277
1875,0.966392426491,1.20321628571
1876,0.964658659458,1.19210672379
1877,0.941279334545,1.19784278631
1878,0.965806608677,1.22338830948
1879,0.958433446407,1.22071731091
1880,0.959243379116,1.21712734222
1881,0.944795986652,1.21931974173
1882,0.956756000996,1.21305133343
1883,0.949419964314,1.20306747198
1884,0.970669039249,1.1969453001
1885,0.951909925938,1.20042320013
1886,0.958630657673,1.21627678394
1887,0.976464590549,1.19030090332
1888,0.961404691219,1.20223936558
1889,0.955011342525,1.20638229847
1890,0.953242348671,1.19272070169
1891,0.944174936771,1.20217010736
1892,0.954112672329,1.20947258234
1893,0.95018862009,1.19754104137
1894,0.944935269833,1.19798713446
1895,0.950643463135,1.19024034739
1896,0.949446727753,1.21372621536
1897,0.974080199242,1.19772575855
1898,0.942041014194,1.20905624151
1899,0.945779911041,1.18799835682
1900,0.937978837013,1.2029557085
1901,0.961254901886,1.19617424488
1902,0.944264386177,1.18354389429
1903,0.950917167664,1.21469595432
1904,0.958061070919,1.19493373394
1905,0.939079137325,1.18135543823
1906,0.951723882198,1.18338548422
1907,0.952717264652,1.18440664291
1908,0.95701605463,1.16153265238
1909,0.951109328747,1.19055912256
1910,0.960504072666,1.18364597559
1911,0.955805747509,1.1846443224
1912,0.950365268707,1.21157472849
1913,0.952061641216,1.19596786261
1914,0.964099381447,1.19921856165
1915,0.934277739048,1.19365150928
1916,0.9597222085,1.2082700181
1917,0.947310885429,1.18536094189
1918,0.941458852291,1.17721996784
1919,0.942487618446,1.19228595734
1920,0.954610678196,1.20240598679
1921,0.968794577122,1.1930705452
1922,0.953769107342,1.19772617579
1923,0.939442418575,1.19670776606
1924,0.954306165218,1.20164123058
1925,0.943056224823,1.19781797171
1926,0.95661681366,1.18821863413
1927,0.950345787525,1.20382684708
1928,0.962340181828,1.20268455029
1929,0.94916008234,1.21544710398
1930,0.962556724548,1.21377471685
1931,0.94783708477,1.21807332993
1932,0.934347909451,1.20376839161
1933,0.97983278656,1.20797233105
1934,0.95263825655,1.19979692221
1935,0.949055755615,1.21330129862
1936,0.956946207523,1.21680126667
1937,0.951294158936,1.22015767813
1938,0.959575311184,1.21274831533
1939,0.949500199318,1.19612575769
1940,0.95907189703,1.16268923044
1941,0.942269696236,1.19310674906
1942,0.948737773418,1.17958295584
1943,0.951100076199,1.19499700785
1944,0.956851995945,1.18968463898
1945,0.942648350239,1.19759040594
1946,0.963553029537,1.209297297
1947,0.945107340813,1.20146661758
1948,0.942367128849,1.18173677683
1949,0.938393085003,1.18039001226
1950,0.945128399849,1.23322456598
1951,0.94082790041,1.19332374334
1952,0.956235812664,1.21236457348
1953,0.934949491024,1.18990207911
1954,0.942867404938,1.19831923962
1955,0.943299542904,1.19320255518
1956,0.953141461849,1.19343984365
1957,0.953709373474,1.1971383667
1958,0.95329318285,1.21556285858
1959,0.931957818508,1.22005455256
1960,0.952110714912,1.17762905359
1961,0.956952675819,1.21440706253
1962,0.954179460049,1.20043640614
1963,0.946058511257,1.22999624252
1964,0.941516711712,1.21180909872
1965,0.930064012051,1.20966689587
1966,0.958251966953,1.19561890125
1967,0.955682458401,1.18240868092
1968,0.94347431469,1.2011312294
1969,0.936013947964,1.2048041749
1970,0.940964960575,1.20100272655
1971,0.931954850674,1.19850306988
1972,0.938637000084,1.20498428106
1973,0.939167016506,1.20817213297
1974,0.929009919167,1.1950233674
1975,0.938401822567,1.20501186848
1976,0.944985565186,1.2031784606
1977,0.918306537151,1.19990223408
1978,0.941165996552,1.18301513195
1979,0.949939898014,1.19325107574
1980,0.952267858028,1.20924426794
1981,0.933800352573,1.2193960762
1982,0.957239169121,1.20058330297
1983,0.938834700108,1.20890381336
1984,0.949840499401,1.22123769522
1985,0.942470433712,1.2356509614
1986,0.944917167664,1.21270630121
1987,0.939900511265,1.22599410772
1988,0.946854915619,1.21346748114
1989,0.934045374393,1.21701303482
1990,0.964100330353,1.20106358051
1991,0.953916647434,1.19993337393
1992,0.943700908661,1.1890119338
1993,0.948645959377,1.19994669199
1994,0.957006351471,1.22456249714
1995,0.93378339529,1.22343454361
1996,0.94632378912,1.21752937555
1997,0.941490523815,1.22060397625
1998,0.925947156429,1.21901520252
1999,0.927568460941,1.22194727182
2000,0.940422715187,1.21448845148
2001,0.937310901642,1.20490561962
2002,0.947042247295,1.20825643778
2003,0.938568430424,1.20225219965
2004,0.942757380962,1.20434652567
2005,0.93075049448,1.1849958086
2006,0.930308797359,1.22167865515
2007,0.938156308651,1.19661648273
2008,0.9514821105,1.23510122299
2009,0.932984330654,1.20179574728
2010,0.94348192358,1.194250319
2011,0.932128742695,1.22206426859
2012,0.938420566559,1.19736701727
2013,0.941298065186,1.22495187998
2014,0.933812446594,1.20362027884
2015,0.940507305145,1.20645347834
2016,0.926255759239,1.20654994726
2017,0.940277704716,1.21330789089
2018,0.939573036194,1.21355026722
2019,0.932174350739,1.21800369263
2020,0.937410188198,1.22808232784
2021,0.936371054173,1.22635568857
2022,0.924243985176,1.22452461481
2023,0.940416258335,1.20671605825
2024,0.939576136112,1.18730294943
2025,0.944209219933,1.20496352911
2026,0.937601618767,1.19406635761
2027,0.947096696377,1.22326453924
2028,0.930882798672,1.19705346823
2029,0.930916105747,1.21267426014
2030,0.934426312923,1.21517368555
2031,0.938088676453,1.2065874052
2032,0.931467915535,1.20563682556
2033,0.929840959072,1.24913252354
2034,0.937780975819,1.22176803827
2035,0.93070362711,1.23591647625
2036,0.943423870087,1.20310539722
2037,0.934882470608,1.2210030508
2038,0.934801700592,1.21444187641
2039,0.931321937561,1.21718791723
2040,0.951832771778,1.22081239939
2041,0.941746445656,1.22707582951
2042,0.92742069006,1.21147819757
2043,0.941390267372,1.22772077322
2044,0.939499337196,1.21371494293
2045,0.932661435127,1.22061630011
2046,0.937255721092,1.21137676477
2047,0.926500052929,1.21334827185
2048,0.930045872688,1.20695770264
2049,0.937212162018,1.21410143137
2050,0.923124555111,1.2213030076
2051,0.926416499615,1.22310690165
2052,0.934777501106,1.24294706583
2053,0.941060303688,1.23075479269
2054,0.931330345631,1.23078727245
2055,0.929581941128,1.2153194809
2056,0.922016024113,1.23774076223
2057,0.938718099117,1.2146285677
2058,0.932645699501,1.2299566865
2059,0.928011168003,1.20159942389
2060,0.94491257,1.20403411627
2061,0.94877722168,1.22313186407
2062,0.941641351223,1.23446017742
2063,0.931108300686,1.23275322437
2064,0.928672804832,1.21273269653
2065,0.940395834446,1.21968721151
2066,0.943625904083,1.17429476261
2067,0.924666059017,1.20788186789
2068,0.937045850277,1.22688125849
2069,0.934955035686,1.22975677729
2070,0.934659034729,1.21820900202
2071,0.924982543945,1.23246631145
2072,0.93529459095,1.23204746723
2073,0.92258028698,1.212878685
2074,0.921600332737,1.19533594131
2075,0.934416465282,1.21700523138
2076,0.922846710205,1.22517303944
2077,0.93087010622,1.25004514933
2078,0.944594462872,1.20843320847
2079,0.91144698,1.23675283194
2080,0.921879096985,1.22027133703
2081,0.915575236797,1.21670063019
2082,0.932862042427,1.21950923681
2083,0.92364736414,1.21818544149
2084,0.941559362888,1.22881588459
2085,0.925920876503,1.20426176071
2086,0.921260538578,1.2149740243
2087,0.91771346426,1.22677337408
2088,0.923225134373,1.21305244923
2089,0.938392766476,1.22778199911
2090,0.940835623741,1.22388828278
2091,0.931789634705,1.2366088438
2092,0.930540960789,1.21050441742
2093,0.929604547977,1.23093061686
2094,0.926844693661,1.2085071516
2095,0.930417465687,1.22862007618
2096,0.906509653568,1.23348991156
2097,0.918254110813,1.23961059332
2098,0.922772502899,1.25143827438
2099,0.930004403591,1.22909835339
2100,0.928973999023,1.23236250401
2101,0.920904528618,1.20942333698
2102,0.922572874546,1.22383749247
2103,0.934530471802,1.20437450886
2104,0.939532645226,1.22754906178
2105,0.925423215389,1.22770429611
2106,0.927688128471,1.22269198895
2107,0.9323871665,1.22969068527
2108,0.923957800388,1.22957751751
2109,0.91536809206,1.21867665768
2110,0.925304188251,1.24099157572
2111,0.92553534174,1.26798909903
2112,0.927625971317,1.22549667358
2113,0.936117014408,1.22183612347
2114,0.915089676857,1.22652721405
2115,0.921065740108,1.23754268408
2116,0.925301723957,1.24344087839
2117,0.932935031891,1.22912048817
2118,0.940157731056,1.2103784585
2119,0.919820204735,1.22962371588
2120,0.931367077351,1.21178117275
2121,0.925869651318,1.22270559788
2122,0.941708230495,1.25149841547
2123,0.940303033352,1.22531419992
2124,0.924086228371,1.22287918091
2125,0.929456745148,1.21988059759
2126,0.926088443756,1.22168431997
2127,0.921184309959,1.23467496872
2128,0.914296661377,1.21640392065
2129,0.919426068306,1.24650503397
2130,0.936585902214,1.24340762615
2131,0.923456843853,1.25070007086
2132,0.911721428394,1.23192748785
2133,0.916636189938,1.23188121557
2134,0.933592224598,1.22656939983
2135,0.931339243412,1.21371444702
2136,0.931472326756,1.21178939581
2137,0.905841531277,1.23649902582
2138,0.907820919037,1.21468492985
2139,0.921598397255,1.21911404133
2140,0.930576367855,1.21032787561
2141,0.924424770355,1.23740643024
2142,0.925005788326,1.2509999299
2143,0.905139183044,1.2424397707
2144,0.910110234737,1.23703765392
2145,0.915704624176,1.22174793005
2146,0.931677833557,1.22650999308
2147,0.916399731159,1.22199165344
2148,0.908219902515,1.24179704666
2149,0.916230181217,1.22726307154
2150,0.924143701077,1.22594471216
2151,0.909900317669,1.24119310141
2152,0.918955346584,1.24430002213
2153,0.933618638515,1.22407993317
2154,0.937097307682,1.24877696753
2155,0.936914838314,1.24131771088
2156,0.918898917675,1.21144306183
2157,0.931092581272,1.22630409718
2158,0.9483977952,1.20462939739
2159,0.936045477867,1.21382961512
2160,0.925398149967,1.23702363729
2161,0.915214437008,1.24625309229
2162,0.921470709324,1.23181485891
2163,0.936804975986,1.24715702057
2164,0.935901264191,1.2351096344
2165,0.921992775917,1.2549094224
2166,0.923141582012,1.23141746521
2167,0.926712945461,1.2584454751
2168,0.918342914581,1.25454183817
2169,0.91024860239,1.23930780649
2170,0.909045081139,1.2406367135
2171,0.916146355152,1.23806120157
2172,0.917963895321,1.2277250433
2173,0.931512031555,1.24342211008
2174,0.915512133121,1.27342918634
2175,0.925012831211,1.2280382514
2176,0.91144412756,1.22870121002
2177,0.927077543736,1.25393764973
2178,0.940664479733,1.2259980607
2179,0.924435881138,1.2329654336
2180,0.923604090691,1.23619535685
2181,0.920616568565,1.24167675257
2182,0.915921416759,1.23006595612
2183,0.931890772343,1.24488624334
2184,0.918910540104,1.25663490772
2185,0.912891506672,1.22663896322
2186,0.909614737034,1.21847131491
2187,0.914909867764,1.22164481878
2188,0.933331014156,1.22929062366
2189,0.924251727104,1.23903909922
2190,0.913679039001,1.24217489243
2191,0.913586344242,1.24098100424
2192,0.904089978218,1.23183598995
2193,0.915979480267,1.22123238087
2194,0.913934345245,1.24022741556
2195,0.913046528816,1.23597289562
2196,0.915542215824,1.264721663
2197,0.92823310709,1.25168720722
2198,0.915557534695,1.2324619627
2199,0.927060625553,1.23178913593
2200,0.912646433353,1.22271739483
2201,0.916303447723,1.2159747839
2202,0.905779359341,1.24064582825
2203,0.909511138439,1.23556575537
2204,0.910328230381,1.24747453213
2205,0.911545430183,1.23207246542
2206,0.924716632366,1.24181128979
2207,0.905659230709,1.2277199769
2208,0.912882315159,1.22015366077
2209,0.924798024654,1.23533666372
2210,0.92331929636,1.23435251236
2211,0.926085464001,1.24267114878
2212,0.917753521919,1.21997007132
2213,0.913225745201,1.23873943806
2214,0.920009128571,1.22866222143
2215,0.920446744442,1.22792066097
2216,0.898030371189,1.24085697651
2217,0.916443533421,1.25515559673
2218,0.910029350281,1.24168874741
2219,0.917799387932,1.27767803431
2220,0.914245168209,1.25369245768
2221,0.925381150723,1.27273895741
2222,0.925820134163,1.23455869436
2223,0.91658725214,1.22512761593
2224,0.911560708523,1.26167924643
2225,0.91571854496,1.2388955307
2226,0.919035153389,1.22374484777
2227,0.916802303314,1.24153236866
2228,0.911019115448,1.25591070414
2229,0.904765683651,1.24950281143
2230,0.92242921114,1.25352079153
2231,0.905290503025,1.26921207666
2232,0.913889566898,1.24432151794
2233,0.922356079102,1.23605237961
2234,0.912303652763,1.24684416056
2235,0.90365095377,1.24920986414
2236,0.904827203274,1.23481599808
2237,0.903896251202,1.25374591351
2238,0.907679728031,1.25177434921
2239,0.92131516695,1.21962421417
2240,0.925489461422,1.23311058044
2241,0.927363275051,1.24419743061
2242,0.908000932217,1.24214695454
2243,0.923195528984,1.25028934956
2244,0.903723419189,1.26615806341
2245,0.915971172333,1.24382449627
2246,0.918406161785,1.25214690924
2247,0.928849462032,1.22798915386
2248,0.913742088318,1.21916921377
2249,0.903969301701,1.20754741907
2250,0.915454293728,1.2397759223
2251,0.923154098511,1.24866762638
2252,0.908180226803,1.2582035017
2253,0.915635596275,1.23681348801
2254,0.910627336979,1.23590736866
2255,0.913811934471,1.22891170263
2256,0.910289703369,1.22616492987
2257,0.909432143211,1.2200530076
2258,0.913308454037,1.22551234722
2259,0.90763571167,1.22183906078
2260,0.884761474609,1.20879467487
2261,0.919752789974,1.23080988407
2262,0.910046730518,1.23524044275
2263,0.913497121334,1.24458028793
2264,0.90752974081,1.26869682789
2265,0.912938078403,1.23081241131
2266,0.914446077824,1.23234500408
2267,0.906899841309,1.2378073287
2268,0.906817167759,1.24845016003
2269,0.909274208069,1.25296751261
2270,0.904137802124,1.25313657999
2271,0.919156096935,1.25594795704
2272,0.914760182858,1.25741366863
2273,0.906900819302,1.23712352991
2274,0.907352115631,1.25183076859
2275,0.909604298592,1.23785871506
2276,0.904406138897,1.25596593618
2277,0.914394616604,1.27663135767
2278,0.901098147869,1.26471507788
2279,0.917212800503,1.23144823074
2280,0.926646904945,1.23357795477
2281,0.922091642857,1.24669739008
2282,0.906386702061,1.25098581553
2283,0.908745194912,1.24183242559
2284,0.896597476959,1.25147064447
2285,0.908785282135,1.24383321524
2286,0.902768181324,1.24745233536
2287,0.911777722836,1.24173515081
2288,0.905650840759,1.23736066818
2289,0.924666040897,1.25505649567
2290,0.901663826942,1.26213373661
2291,0.90963972044,1.26835419178
2292,0.917005149841,1.25415348291
2293,0.901313190937,1.23791498184
2294,0.920223119259,1.2254270339
2295,0.92016135025,1.23432368755
2296,0.923777952671,1.22265632391
2297,0.906429409027,1.22327865601
2298,0.911936899662,1.25319725037
2299,0.916330205441,1.24515459538
2300,0.89346053648,1.26624409199
2301,0.923898607731,1.26048156977
2302,0.906869725704,1.25420539856
2303,0.900148170471,1.25081176996
2304,0.908451636314,1.27082056284
2305,0.915440863132,1.24232418299
2306,0.91176858139,1.25511523962
2307,0.904648099422,1.24943856955
2308,0.888381898403,1.25510350943
2309,0.913039759636,1.26712371588
2310,0.909123288631,1.24125793219
2311,0.914476118565,1.25164228201
2312,0.898853710651,1.26309564114
2313,0.89357926321,1.27318460941
2314,0.89845135498,1.23178617001
2315,0.901764704704,1.23901077032
2316,0.888564026356,1.23880572796
2317,0.903769931793,1.24558927298
2318,0.906535552979,1.2428233552
2319,0.890379873753,1.26739017963
2320,0.895820939541,1.24928028584
2321,0.895637186527,1.23441271067
2322,0.894850286007,1.2530199194
2323,0.899167265415,1.23606884003
2324,0.893601896763,1.23298770428
2325,0.890473507404,1.21397245407
2326,0.905928883553,1.23646974802
2327,0.90835938406,1.26057148457
2328,0.90989561367,1.24585944653
2329,0.902087527752,1.24828193188
2330,0.909163085937,1.24608314276
2331,0.900567862034,1.24720061779
2332,0.91710585928,1.26009562969
2333,0.910614912987,1.24225574017
2334,0.893568214893,1.24108515024
2335,0.905772992611,1.24028991938
2336,0.901348726749,1.27109052896
2337,0.909383686066,1.24356167078
2338,0.910143221378,1.21390732288
2339,0.903401837349,1.24071511984
2340,0.896423763752,1.2386506629
2341,0.885125051022,1.23692884207
2342,0.894786375523,1.23051179647
2343,0.911994789124,1.24857519388
2344,0.894358849049,1.23621795893
2345,0.901947144985,1.21089648962
2346,0.900927279949,1.23358407736
2347,0.884471337795,1.25901881933
2348,0.918709300995,1.25735534191
2349,0.89036852026,1.23398084164
2350,0.898909909725,1.25717584372
2351,0.896451605797,1.22852370977
2352,0.907229986668,1.23912167072
2353,0.892440644741,1.2061754632
2354,0.89094154501,1.24272302866
2355,0.901662286282,1.22276040792
2356,0.90654385376,1.2300556922
2357,0.909734857082,1.23713623524
2358,0.905147544384,1.25309707165
2359,0.898923523903,1.2433156991
2360,0.895123985291,1.24180559158
2361,0.890759548664,1.23567511082
2362,0.895037132263,1.2372963357
2363,0.912985743046,1.24064407587
2364,0.899327620983,1.22852977514
2365,0.896813979626,1.24718057394
2366,0.922222708225,1.24747358084
2367,0.892046765804,1.25611173391
2368,0.899903222561,1.21668207169
2369,0.90764616394,1.27747136831
2370,0.919154096127,1.28181614161
2371,0.911611848354,1.24600596905
2372,0.8845467453,1.23326682568
2373,0.905757459164,1.24850594044
2374,0.882933427334,1.24690811396
2375,0.888592146397,1.25522030115
2376,0.906796154022,1.23737818003
2377,0.8903966012,1.23461221695
2378,0.899387301445,1.23334544897
2379,0.895346004486,1.24840583324
2380,0.888595769405,1.23403915644
2381,0.905769690037,1.23041686535
2382,0.901654292583,1.24523449183
2383,0.921431233883,1.24073474646
2384,0.911914599895,1.23733993769
2385,0.909185258389,1.24276780844
2386,0.883048336029,1.24141065836
2387,0.903785699368,1.23667593002
2388,0.905581132412,1.23872588634
2389,0.895662290096,1.24224748373
2390,0.892138816357,1.23428821802
2391,0.885700514317,1.25583618164
2392,0.899055448055,1.2536520052
2393,0.90298538208,1.24332006216
2394,0.895368041515,1.26527237177
2395,0.904522776127,1.25027555227
2396,0.89132446146,1.24037115097
2397,0.897330735683,1.2355488348
2398,0.907018331051,1.27870626211
2399,0.91866956377,1.26242446423
2400,0.8862979002,1.24381511688
2401,0.882568214417,1.24857656717
2402,0.892894711018,1.26477092266
2403,0.894422207355,1.2559966898
2404,0.906430231571,1.22719833136
2405,0.882882172585,1.26256608725
2406,0.889768984318,1.23182116985
2407,0.900732367992,1.26082386017
2408,0.894884942532,1.25739158154
2409,0.888523344517,1.24674485922
2410,0.878294457436,1.26286853552
2411,0.899304389954,1.23553246021
2412,0.911923650265,1.25662946463
2413,0.891422904491,1.25273433447
2414,0.895791660309,1.27921268463
2415,0.90428254652,1.26126514912
2416,0.900431500912,1.26591829062
2417,0.902725710392,1.25445394516
2418,0.89468768549,1.26842048168
2419,0.890350475788,1.26356618643
2420,0.899525750637,1.24522423267
2421,0.903974641323,1.23204843998
2422,0.888030030727,1.24857797384
2423,0.889925363064,1.25210587025
2424,0.891899010658,1.24915270329
2425,0.887538011074,1.23867765427
2426,0.890223210812,1.23599352121
2427,0.892565533638,1.27125920057
2428,0.889422966957,1.25350345373
2429,0.895498999119,1.24532077551
2430,0.890456626892,1.25019584894
2431,0.888272204399,1.25354499817
2432,0.906973163128,1.24709430218
2433,0.893270451546,1.25830039501
2434,0.894967596531,1.28192325354
2435,0.884754600048,1.24357169867
2436,0.88312305975,1.25795526028
2437,0.888136859894,1.26484789371
2438,0.889106208801,1.27309554815
2439,0.88876750946,1.27294084311
2440,0.88763815546,1.27685176373
2441,0.910087471008,1.26235482931
2442,0.895102838039,1.27679260492
2443,0.888274528503,1.25090565205
2444,0.91426661253,1.24897950888
2445,0.898984200478,1.24215633869
2446,0.898635689735,1.25142307758
2447,0.89327357626,1.26028702259
2448,0.888015445709,1.25283750534
2449,0.886042072296,1.26075763941
2450,0.889684257984,1.26194856167
2451,0.887771093845,1.2579590559
2452,0.887704162598,1.25863353252
2453,0.899541596413,1.25387294292
2454,0.882553820133,1.28512023449
2455,0.892708101749,1.26756000757
2456,0.890874679565,1.25740283728
2457,0.900917373657,1.2777893281
2458,0.891217212677,1.2425485611
2459,0.894459972382,1.25545526743
2460,0.893444124699,1.26861809254
2461,0.898455631733,1.2646441865
2462,0.902829233646,1.28350040197
2463,0.900559090137,1.25447309256
2464,0.887167099476,1.25308701038
2465,0.882268835545,1.26103259802
2466,0.88110065794,1.24056981802
2467,0.890186176777,1.24732990026
2468,0.902419616699,1.24267891407
2469,0.895292472839,1.2647904253
2470,0.896557407856,1.27068908215
2471,0.903677035332,1.23958160877
2472,0.886119018555,1.27261165857
2473,0.877616813183,1.24218326569
2474,0.894158359528,1.2398458457
2475,0.882589508057,1.25633707047
2476,0.88630902338,1.23518634319
2477,0.897208718777,1.26534457684
2478,0.902840819836,1.27835102081
2479,0.891866138935,1.25364996195
2480,0.877897218227,1.24630064011
2481,0.886892764568,1.24950345516
2482,0.897948427677,1.23597285748
2483,0.882491844177,1.27144296646
2484,0.902184632778,1.26753807068
2485,0.884183118343,1.27337858438
2486,0.878862832069,1.2765129137
2487,0.884896209717,1.26048927546
2488,0.894388147831,1.27217094183
2489,0.888430773258,1.26494071484
2490,0.881316716194,1.26460526943
2491,0.878853986263,1.26820080042
2492,0.884450731754,1.26501134872
2493,0.893827538013,1.25763447046
2494,0.877732914448,1.2695538497
2495,0.884146139622,1.24029411793
2496,0.891037532806,1.26230247974
2497,0.895952153683,1.26409963608
2498,0.885299992085,1.27338467121
